mode: set
github.com/cocap10/flaeg/flaeg.go:14.100,16.25 2 1
github.com/cocap10/flaeg/flaeg.go:54.2,54.12 1 1
github.com/cocap10/flaeg/flaeg.go:17.2,19.44 2 1
github.com/cocap10/flaeg/flaeg.go:45.2,48.65 3 1
github.com/cocap10/flaeg/flaeg.go:51.2,52.13 1 1
github.com/cocap10/flaeg/flaeg.go:19.44,20.76 1 1
github.com/cocap10/flaeg/flaeg.go:20.76,22.70 2 1
github.com/cocap10/flaeg/flaeg.go:25.5,25.71 1 1
github.com/cocap10/flaeg/flaeg.go:31.5,31.22 1 1
github.com/cocap10/flaeg/flaeg.go:36.5,36.53 1 1
github.com/cocap10/flaeg/flaeg.go:39.5,40.80 2 1
github.com/cocap10/flaeg/flaeg.go:22.70,24.6 1 1
github.com/cocap10/flaeg/flaeg.go:25.71,26.53 1 1
github.com/cocap10/flaeg/flaeg.go:29.6,29.63 1 1
github.com/cocap10/flaeg/flaeg.go:26.53,28.7 1 0
github.com/cocap10/flaeg/flaeg.go:31.22,33.6 1 1
github.com/cocap10/flaeg/flaeg.go:33.6,35.6 1 1
github.com/cocap10/flaeg/flaeg.go:36.53,38.6 1 0
github.com/cocap10/flaeg/flaeg.go:40.80,42.6 1 0
github.com/cocap10/flaeg/flaeg.go:48.65,50.4 1 0
github.com/cocap10/flaeg/flaeg.go:59.133,63.34 4 1
github.com/cocap10/flaeg/flaeg.go:70.2,70.44 1 1
github.com/cocap10/flaeg/flaeg.go:73.2,73.41 1 1
github.com/cocap10/flaeg/flaeg.go:76.2,76.20 1 1
github.com/cocap10/flaeg/flaeg.go:63.34,64.39 1 1
github.com/cocap10/flaeg/flaeg.go:64.39,68.4 3 1
github.com/cocap10/flaeg/flaeg.go:70.44,72.3 1 0
github.com/cocap10/flaeg/flaeg.go:73.41,75.3 1 1
github.com/cocap10/flaeg/flaeg.go:80.99,83.25 2 1
github.com/cocap10/flaeg/flaeg.go:129.2,129.12 1 1
github.com/cocap10/flaeg/flaeg.go:84.2,87.40 3 1
github.com/cocap10/flaeg/flaeg.go:113.2,114.23 1 1
github.com/cocap10/flaeg/flaeg.go:125.2,126.13 1 1
github.com/cocap10/flaeg/flaeg.go:87.40,88.76 1 1
github.com/cocap10/flaeg/flaeg.go:88.76,90.70 2 1
github.com/cocap10/flaeg/flaeg.go:93.5,93.71 1 1
github.com/cocap10/flaeg/flaeg.go:99.5,99.22 1 1
github.com/cocap10/flaeg/flaeg.go:105.5,105.87 1 1
github.com/cocap10/flaeg/flaeg.go:108.5,108.80 1 1
github.com/cocap10/flaeg/flaeg.go:90.70,92.6 1 1
github.com/cocap10/flaeg/flaeg.go:93.71,94.87 1 1
github.com/cocap10/flaeg/flaeg.go:94.87,96.7 1 0
github.com/cocap10/flaeg/flaeg.go:99.22,101.6 1 1
github.com/cocap10/flaeg/flaeg.go:101.6,103.6 1 1
github.com/cocap10/flaeg/flaeg.go:105.87,107.6 1 0
github.com/cocap10/flaeg/flaeg.go:108.80,110.6 1 0
github.com/cocap10/flaeg/flaeg.go:114.23,116.73 2 1
github.com/cocap10/flaeg/flaeg.go:119.4,119.22 1 1
github.com/cocap10/flaeg/flaeg.go:116.73,118.5 1 0
github.com/cocap10/flaeg/flaeg.go:120.4,121.77 1 1
github.com/cocap10/flaeg/flaeg.go:121.77,123.5 1 0
github.com/cocap10/flaeg/flaeg.go:133.91,134.98 1 1
github.com/cocap10/flaeg/flaeg.go:145.2,145.12 1 1
github.com/cocap10/flaeg/flaeg.go:134.98,135.26 1 1
github.com/cocap10/flaeg/flaeg.go:135.26,136.34 1 1
github.com/cocap10/flaeg/flaeg.go:136.34,139.5 1 1
github.com/cocap10/flaeg/flaeg.go:140.4,142.4 1 0
github.com/cocap10/flaeg/flaeg.go:149.98,159.43 10 1
github.com/cocap10/flaeg/flaeg.go:165.2,165.21 1 1
github.com/cocap10/flaeg/flaeg.go:159.43,160.34 1 1
github.com/cocap10/flaeg/flaeg.go:163.3,163.26 1 1
github.com/cocap10/flaeg/flaeg.go:160.34,162.4 1 0
github.com/cocap10/flaeg/flaeg.go:170.95,172.16 2 1
github.com/cocap10/flaeg/flaeg.go:175.2,176.80 2 1
github.com/cocap10/flaeg/flaeg.go:179.2,180.16 2 1
github.com/cocap10/flaeg/flaeg.go:183.2,183.80 1 1
github.com/cocap10/flaeg/flaeg.go:187.2,187.12 1 1
github.com/cocap10/flaeg/flaeg.go:172.16,174.3 1 0
github.com/cocap10/flaeg/flaeg.go:176.80,178.3 1 0
github.com/cocap10/flaeg/flaeg.go:180.16,182.3 1 0
github.com/cocap10/flaeg/flaeg.go:183.80,185.3 1 0
github.com/cocap10/flaeg/parsers.go:13.49,16.2 2 0
github.com/cocap10/flaeg/parsers.go:18.41,22.2 3 1
github.com/cocap10/flaeg/parsers.go:24.39,24.58 1 0
github.com/cocap10/flaeg/parsers.go:26.37,26.69 1 1
github.com/cocap10/flaeg/parsers.go:28.39,28.54 1 1
github.com/cocap10/flaeg/parsers.go:40.45,43.2 2 0
github.com/cocap10/flaeg/parsers.go:45.40,49.2 3 1
github.com/cocap10/flaeg/parsers.go:51.38,51.56 1 0
github.com/cocap10/flaeg/parsers.go:53.36,53.68 1 1
github.com/cocap10/flaeg/parsers.go:58.53,61.2 2 0
github.com/cocap10/flaeg/parsers.go:63.42,67.2 3 0
github.com/cocap10/flaeg/parsers.go:69.40,69.60 1 0
github.com/cocap10/flaeg/parsers.go:71.38,71.70 1 0
github.com/cocap10/flaeg/parsers.go:76.49,79.2 2 0
github.com/cocap10/flaeg/parsers.go:81.41,85.2 3 0
github.com/cocap10/flaeg/parsers.go:87.39,87.58 1 0
github.com/cocap10/flaeg/parsers.go:89.37,89.69 1 0
github.com/cocap10/flaeg/parsers.go:94.57,97.2 2 0
github.com/cocap10/flaeg/parsers.go:99.43,103.2 3 0
github.com/cocap10/flaeg/parsers.go:105.41,105.62 1 0
github.com/cocap10/flaeg/parsers.go:107.39,107.71 1 0
github.com/cocap10/flaeg/parsers.go:112.57,115.2 2 0
github.com/cocap10/flaeg/parsers.go:117.45,120.2 2 1
github.com/cocap10/flaeg/parsers.go:122.41,122.62 1 0
github.com/cocap10/flaeg/parsers.go:124.39,124.71 1 1
github.com/cocap10/flaeg/parsers.go:129.61,132.2 2 0
github.com/cocap10/flaeg/parsers.go:134.44,138.2 3 0
github.com/cocap10/flaeg/parsers.go:140.42,140.64 1 0
github.com/cocap10/flaeg/parsers.go:142.40,142.72 1 0
github.com/cocap10/flaeg/parsers.go:147.75,150.2 2 0
github.com/cocap10/flaeg/parsers.go:152.45,156.2 3 0
github.com/cocap10/flaeg/parsers.go:158.43,158.71 1 0
github.com/cocap10/flaeg/parsers.go:160.41,160.80 1 0
github.com/cocap10/flaeg/parsers.go:165.41,169.2 3 1
github.com/cocap10/flaeg/parsers.go:170.37,170.72 1 1
